This file contains any messages produced by compilers while
running configure, to aid debugging if configure makes a mistake.

It was created by iptables configure 1.4.11.1, which was
generated by GNU Autoconf 2.69.  Invocation command line was

  $ ./configure --enable-devel

## --------- ##
## Platform. ##
## --------- ##

hostname = lab221
uname -m = x86_64
uname -r = 3.13.0+
uname -s = Linux
uname -v = #1 SMP Mon Apr 27 23:50:49 CST 2015

/usr/bin/uname -p = unknown
/bin/uname -X     = unknown

/bin/arch              = unknown
/usr/bin/arch -k       = unknown
/usr/convex/getsysinfo = unknown
/usr/bin/hostinfo      = unknown
/bin/machine           = unknown
/usr/bin/oslevel       = unknown
/bin/universe          = unknown

PATH: /usr/local/sbin
PATH: /usr/local/bin
PATH: /usr/sbin
PATH: /usr/bin
PATH: /sbin
PATH: /bin
PATH: /usr/games
PATH: /usr/local/games


## ----------- ##
## Core tests. ##
## ----------- ##

configure:2320: checking for a BSD-compatible install
configure:2388: result: /usr/bin/install -c
configure:2401: checking whether build environment is sane
configure:2456: result: yes
configure:2607: checking for a thread-safe mkdir -p
configure:2646: result: /bin/mkdir -p
configure:2653: checking for gawk
configure:2683: result: no
configure:2653: checking for mawk
configure:2669: found /usr/bin/mawk
configure:2680: result: mawk
configure:2691: checking whether make sets $(MAKE)
configure:2713: result: yes
configure:2742: checking whether make supports nested variables
configure:2759: result: yes
configure:2932: checking for gcc
configure:2948: found /usr/bin/gcc
configure:2959: result: gcc
configure:3188: checking for C compiler version
configure:3197: gcc --version >&5
gcc (Ubuntu 4.8.2-19ubuntu1) 4.8.2
Copyright (C) 2013 Free Software Foundation, Inc.
This is free software; see the source for copying conditions.  There is NO
warranty; not even for MERCHANTABILITY or FITNESS FOR A PARTICULAR PURPOSE.

configure:3208: $? = 0
configure:3197: gcc -v >&5
Using built-in specs.
COLLECT_GCC=gcc
COLLECT_LTO_WRAPPER=/usr/lib/gcc/x86_64-linux-gnu/4.8/lto-wrapper
Target: x86_64-linux-gnu
Configured with: ../src/configure -v --with-pkgversion='Ubuntu 4.8.2-19ubuntu1' --with-bugurl=file:///usr/share/doc/gcc-4.8/README.Bugs --enable-languages=c,c++,java,go,d,fortran,objc,obj-c++ --prefix=/usr --program-suffix=-4.8 --enable-shared --enable-linker-build-id --libexecdir=/usr/lib --without-included-gettext --enable-threads=posix --with-gxx-include-dir=/usr/include/c++/4.8 --libdir=/usr/lib --enable-nls --with-sysroot=/ --enable-clocale=gnu --enable-libstdcxx-debug --enable-libstdcxx-time=yes --enable-gnu-unique-object --disable-libmudflap --enable-plugin --with-system-zlib --disable-browser-plugin --enable-java-awt=gtk --enable-gtk-cairo --with-java-home=/usr/lib/jvm/java-1.5.0-gcj-4.8-amd64/jre --enable-java-home --with-jvm-root-dir=/usr/lib/jvm/java-1.5.0-gcj-4.8-amd64 --with-jvm-jar-dir=/usr/lib/jvm-exports/java-1.5.0-gcj-4.8-amd64 --with-arch-directory=amd64 --with-ecj-jar=/usr/share/java/eclipse-ecj.jar --enable-objc-gc --enable-multiarch --disable-werror --with-arch-32=i686 --with-abi=m64 --with-multilib-list=m32,m64,mx32 --with-tune=generic --enable-checking=release --build=x86_64-linux-gnu --host=x86_64-linux-gnu --target=x86_64-linux-gnu
Thread model: posix
gcc version 4.8.2 (Ubuntu 4.8.2-19ubuntu1) 
configure:3208: $? = 0
configure:3197: gcc -V >&5
gcc: error: unrecognized command line option '-V'
gcc: fatal error: no input files
compilation terminated.
configure:3208: $? = 4
configure:3197: gcc -qversion >&5
gcc: error: unrecognized command line option '-qversion'
gcc: fatal error: no input files
compilation terminated.
configure:3208: $? = 4
configure:3228: checking whether the C compiler works
configure:3250: gcc    conftest.c  >&5
configure:3254: $? = 0
configure:3302: result: yes
configure:3305: checking for C compiler default output file name
configure:3307: result: a.out
configure:3313: checking for suffix of executables
configure:3320: gcc -o conftest    conftest.c  >&5
configure:3324: $? = 0
configure:3346: result: 
configure:3368: checking whether we are cross compiling
configure:3376: gcc -o conftest    conftest.c  >&5
configure:3380: $? = 0
configure:3387: ./conftest
configure:3391: $? = 0
configure:3406: result: no
configure:3411: checking for suffix of object files
configure:3433: gcc -c   conftest.c >&5
configure:3437: $? = 0
configure:3458: result: o
configure:3462: checking whether we are using the GNU C compiler
configure:3481: gcc -c   conftest.c >&5
configure:3481: $? = 0
configure:3490: result: yes
configure:3499: checking whether gcc accepts -g
configure:3519: gcc -c -g  conftest.c >&5
configure:3519: $? = 0
configure:3560: result: yes
configure:3577: checking for gcc option to accept ISO C89
configure:3640: gcc  -c -g -O2  conftest.c >&5
configure:3640: $? = 0
configure:3653: result: none needed
configure:3678: checking whether gcc understands -c and -o together
configure:3700: gcc -c conftest.c -o conftest2.o
configure:3703: $? = 0
configure:3700: gcc -c conftest.c -o conftest2.o
configure:3703: $? = 0
configure:3715: result: yes
configure:3743: checking for style of include used by make
configure:3771: result: GNU
configure:3797: checking dependency style of gcc
configure:3908: result: gcc3
configure:3984: checking build system type
configure:3998: result: x86_64-unknown-linux-gnu
configure:4018: checking host system type
configure:4031: result: x86_64-unknown-linux-gnu
configure:4072: checking how to print strings
configure:4099: result: printf
configure:4120: checking for a sed that does not truncate output
configure:4184: result: /bin/sed
configure:4202: checking for grep that handles long lines and -e
configure:4260: result: /bin/grep
configure:4265: checking for egrep
configure:4327: result: /bin/grep -E
configure:4332: checking for fgrep
configure:4394: result: /bin/grep -F
configure:4429: checking for ld used by gcc
configure:4496: result: /usr/bin/ld
configure:4503: checking if the linker (/usr/bin/ld) is GNU ld
configure:4518: result: yes
configure:4530: checking for BSD- or MS-compatible name lister (nm)
configure:4579: result: /usr/bin/nm -B
configure:4709: checking the name lister (/usr/bin/nm -B) interface
configure:4716: gcc -c -g -O2  conftest.c >&5
configure:4719: /usr/bin/nm -B "conftest.o"
configure:4722: output
0000000000000000 B some_variable
configure:4729: result: BSD nm
configure:4732: checking whether ln -s works
configure:4736: result: yes
configure:4744: checking the maximum length of command line arguments
configure:4875: result: 1572864
configure:4892: checking whether the shell understands some XSI constructs
configure:4902: result: yes
configure:4906: checking whether the shell understands "+="
configure:4912: result: yes
configure:4947: checking how to convert x86_64-unknown-linux-gnu file names to x86_64-unknown-linux-gnu format
configure:4987: result: func_convert_file_noop
configure:4994: checking how to convert x86_64-unknown-linux-gnu file names to toolchain format
configure:5014: result: func_convert_file_noop
configure:5021: checking for /usr/bin/ld option to reload object files
configure:5028: result: -r
configure:5102: checking for objdump
configure:5118: found /usr/bin/objdump
configure:5129: result: objdump
configure:5161: checking how to recognize dependent libraries
configure:5359: result: pass_all
configure:5444: checking for dlltool
configure:5474: result: no
configure:5504: checking how to associate runtime and link libraries
configure:5531: result: printf %s\n
configure:5592: checking for ar
configure:5608: found /usr/bin/ar
configure:5619: result: ar
configure:5656: checking for archiver @FILE support
configure:5673: gcc -c -g -O2  conftest.c >&5
configure:5673: $? = 0
configure:5676: ar cru libconftest.a @conftest.lst >&5
configure:5679: $? = 0
configure:5684: ar cru libconftest.a @conftest.lst >&5
ar: conftest.o: No such file or directory
configure:5687: $? = 1
configure:5699: result: @
configure:5757: checking for strip
configure:5773: found /usr/bin/strip
configure:5784: result: strip
configure:5856: checking for ranlib
configure:5872: found /usr/bin/ranlib
configure:5883: result: ranlib
configure:5985: checking command to parse /usr/bin/nm -B output from gcc object
configure:6105: gcc -c -g -O2  conftest.c >&5
configure:6108: $? = 0
configure:6112: /usr/bin/nm -B conftest.o \| sed -n -e 's/^.*[ ]\([ABCDGIRSTW][ABCDGIRSTW]*\)[ ][ ]*\([_A-Za-z][_A-Za-z0-9]*\)$/\1 \2 \2/p' | sed '/ __gnu_lto/d' \> conftest.nm
configure:6115: $? = 0
configure:6181: gcc -o conftest -g -O2   conftest.c conftstm.o >&5
configure:6184: $? = 0
configure:6222: result: ok
configure:6259: checking for sysroot
configure:6289: result: no
configure:6366: gcc -c -g -O2  conftest.c >&5
configure:6369: $? = 0
configure:6558: checking for mt
configure:6574: found /bin/mt
configure:6585: result: mt
configure:6608: checking if mt is a manifest tool
configure:6614: mt '-?'
configure:6622: result: no
configure:7264: checking how to run the C preprocessor
configure:7295: gcc -E  conftest.c
configure:7295: $? = 0
configure:7309: gcc -E  conftest.c
conftest.c:11:28: fatal error: ac_nonexistent.h: No such file or directory
 #include <ac_nonexistent.h>
                            ^
compilation terminated.
configure:7309: $? = 1
configure: failed program was:
| /* confdefs.h */
| #define PACKAGE_NAME "iptables"
| #define PACKAGE_TARNAME "iptables"
| #define PACKAGE_VERSION "1.4.11.1"
| #define PACKAGE_STRING "iptables 1.4.11.1"
| #define PACKAGE_BUGREPORT ""
| #define PACKAGE_URL ""
| #define PACKAGE "iptables"
| #define VERSION "1.4.11.1"
| /* end confdefs.h.  */
| #include <ac_nonexistent.h>
configure:7334: result: gcc -E
configure:7354: gcc -E  conftest.c
configure:7354: $? = 0
configure:7368: gcc -E  conftest.c
conftest.c:11:28: fatal error: ac_nonexistent.h: No such file or directory
 #include <ac_nonexistent.h>
                            ^
compilation terminated.
configure:7368: $? = 1
configure: failed program was:
| /* confdefs.h */
| #define PACKAGE_NAME "iptables"
| #define PACKAGE_TARNAME "iptables"
| #define PACKAGE_VERSION "1.4.11.1"
| #define PACKAGE_STRING "iptables 1.4.11.1"
| #define PACKAGE_BUGREPORT ""
| #define PACKAGE_URL ""
| #define PACKAGE "iptables"
| #define VERSION "1.4.11.1"
| /* end confdefs.h.  */
| #include <ac_nonexistent.h>
configure:7397: checking for ANSI C header files
configure:7417: gcc -c -g -O2  conftest.c >&5
configure:7417: $? = 0
configure:7490: gcc -o conftest -g -O2   conftest.c  >&5
configure:7490: $? = 0
configure:7490: ./conftest
configure:7490: $? = 0
configure:7501: result: yes
configure:7514: checking for sys/types.h
configure:7514: gcc -c -g -O2  conftest.c >&5
configure:7514: $? = 0
configure:7514: result: yes
configure:7514: checking for sys/stat.h
configure:7514: gcc -c -g -O2  conftest.c >&5
configure:7514: $? = 0
configure:7514: result: yes
configure:7514: checking for stdlib.h
configure:7514: gcc -c -g -O2  conftest.c >&5
configure:7514: $? = 0
configure:7514: result: yes
configure:7514: checking for string.h
configure:7514: gcc -c -g -O2  conftest.c >&5
configure:7514: $? = 0
configure:7514: result: yes
configure:7514: checking for memory.h
configure:7514: gcc -c -g -O2  conftest.c >&5
configure:7514: $? = 0
configure:7514: result: yes
configure:7514: checking for strings.h
configure:7514: gcc -c -g -O2  conftest.c >&5
configure:7514: $? = 0
configure:7514: result: yes
configure:7514: checking for inttypes.h
configure:7514: gcc -c -g -O2  conftest.c >&5
configure:7514: $? = 0
configure:7514: result: yes
configure:7514: checking for stdint.h
configure:7514: gcc -c -g -O2  conftest.c >&5
configure:7514: $? = 0
configure:7514: result: yes
configure:7514: checking for unistd.h
configure:7514: gcc -c -g -O2  conftest.c >&5
configure:7514: $? = 0
configure:7514: result: yes
configure:7528: checking for dlfcn.h
configure:7528: gcc -c -g -O2  conftest.c >&5
configure:7528: $? = 0
configure:7528: result: yes
configure:7704: checking for objdir
configure:7719: result: .libs
configure:7990: checking if gcc supports -fno-rtti -fno-exceptions
configure:8008: gcc -c -g -O2  -fno-rtti -fno-exceptions conftest.c >&5
cc1: warning: command line option '-fno-rtti' is valid for C++/ObjC++ but not for C [enabled by default]
configure:8012: $? = 0
configure:8025: result: no
configure:8352: checking for gcc option to produce PIC
configure:8359: result: -fPIC -DPIC
configure:8367: checking if gcc PIC flag -fPIC -DPIC works
configure:8385: gcc -c -g -O2  -fPIC -DPIC -DPIC conftest.c >&5
configure:8389: $? = 0
configure:8402: result: yes
configure:8431: checking if gcc static flag -static works
configure:8459: result: yes
configure:8474: checking if gcc supports -c -o file.o
configure:8495: gcc -c -g -O2  -o out/conftest2.o conftest.c >&5
configure:8499: $? = 0
configure:8521: result: yes
configure:8529: checking if gcc supports -c -o file.o
configure:8576: result: yes
configure:8609: checking whether the gcc linker (/usr/bin/ld -m elf_x86_64) supports shared libraries
configure:9766: result: yes
configure:9803: checking whether -lc should be explicitly linked in
configure:9811: gcc -c -g -O2  conftest.c >&5
configure:9814: $? = 0
configure:9829: gcc -shared  -fPIC -DPIC conftest.o  -v -Wl,-soname -Wl,conftest -o conftest 2\>\&1 \| /bin/grep  -lc  \>/dev/null 2\>\&1
configure:9832: $? = 0
configure:9846: result: no
configure:10006: checking dynamic linker characteristics
configure:10506: gcc -o conftest -g -O2   -Wl,-rpath -Wl,/foo conftest.c  >&5
configure:10506: $? = 0
configure:10740: result: GNU/Linux ld.so
configure:10847: checking how to hardcode library paths into programs
configure:10872: result: immediate
configure:11412: checking whether stripping libraries is possible
configure:11417: result: yes
configure:11452: checking if libtool supports shared libraries
configure:11454: result: yes
configure:11457: checking whether to build shared libraries
configure:11478: result: yes
configure:11481: checking whether to build static libraries
configure:11485: result: no
configure:11593: checking whether the linker accepts -Wl,--no-as-needed
configure:11612: gcc -o conftest -g -O2  -Wl,--no-as-needed conftest.c  >&5
configure:11612: $? = 0
configure:11623: result: yes
configure:11638: checking linux/dccp.h usability
configure:11638: gcc -c -g -O2  conftest.c >&5
configure:11638: $? = 0
configure:11638: result: yes
configure:11638: checking linux/dccp.h presence
configure:11638: gcc -E  conftest.c
configure:11638: $? = 0
configure:11638: result: yes
configure:11638: checking for linux/dccp.h
configure:11638: result: yes
configure:11638: checking linux/ip_vs.h usability
configure:11638: gcc -c -g -O2  conftest.c >&5
configure:11638: $? = 0
configure:11638: result: yes
configure:11638: checking linux/ip_vs.h presence
configure:11638: gcc -E  conftest.c
configure:11638: $? = 0
configure:11638: result: yes
configure:11638: checking for linux/ip_vs.h
configure:11638: result: yes
configure:11638: checking linux/magic.h usability
configure:11638: gcc -c -g -O2  conftest.c >&5
configure:11638: $? = 0
configure:11638: result: yes
configure:11638: checking linux/magic.h presence
configure:11638: gcc -E  conftest.c
configure:11638: $? = 0
configure:11638: result: yes
configure:11638: checking for linux/magic.h
configure:11638: result: yes
configure:11638: checking linux/proc_fs.h usability
configure:11638: gcc -c -g -O2  conftest.c >&5
conftest.c:59:27: fatal error: linux/proc_fs.h: No such file or directory
 #include <linux/proc_fs.h>
                           ^
compilation terminated.
configure:11638: $? = 1
configure: failed program was:
| /* confdefs.h */
| #define PACKAGE_NAME "iptables"
| #define PACKAGE_TARNAME "iptables"
| #define PACKAGE_VERSION "1.4.11.1"
| #define PACKAGE_STRING "iptables 1.4.11.1"
| #define PACKAGE_BUGREPORT ""
| #define PACKAGE_URL ""
| #define PACKAGE "iptables"
| #define VERSION "1.4.11.1"
| #define STDC_HEADERS 1
| #define HAVE_SYS_TYPES_H 1
| #define HAVE_SYS_STAT_H 1
| #define HAVE_STDLIB_H 1
| #define HAVE_STRING_H 1
| #define HAVE_MEMORY_H 1
| #define HAVE_STRINGS_H 1
| #define HAVE_INTTYPES_H 1
| #define HAVE_STDINT_H 1
| #define HAVE_UNISTD_H 1
| #define HAVE_DLFCN_H 1
| #define LT_OBJDIR ".libs/"
| #define HAVE_LINUX_DCCP_H 1
| #define HAVE_LINUX_IP_VS_H 1
| #define HAVE_LINUX_MAGIC_H 1
| /* end confdefs.h.  */
| #include <stdio.h>
| #ifdef HAVE_SYS_TYPES_H
| # include <sys/types.h>
| #endif
| #ifdef HAVE_SYS_STAT_H
| # include <sys/stat.h>
| #endif
| #ifdef STDC_HEADERS
| # include <stdlib.h>
| # include <stddef.h>
| #else
| # ifdef HAVE_STDLIB_H
| #  include <stdlib.h>
| # endif
| #endif
| #ifdef HAVE_STRING_H
| # if !defined STDC_HEADERS && defined HAVE_MEMORY_H
| #  include <memory.h>
| # endif
| # include <string.h>
| #endif
| #ifdef HAVE_STRINGS_H
| # include <strings.h>
| #endif
| #ifdef HAVE_INTTYPES_H
| # include <inttypes.h>
| #endif
| #ifdef HAVE_STDINT_H
| # include <stdint.h>
| #endif
| #ifdef HAVE_UNISTD_H
| # include <unistd.h>
| #endif
| #include <linux/proc_fs.h>
configure:11638: result: no
configure:11638: checking linux/proc_fs.h presence
configure:11638: gcc -E  conftest.c
conftest.c:26:27: fatal error: linux/proc_fs.h: No such file or directory
 #include <linux/proc_fs.h>
                           ^
compilation terminated.
configure:11638: $? = 1
configure: failed program was:
| /* confdefs.h */
| #define PACKAGE_NAME "iptables"
| #define PACKAGE_TARNAME "iptables"
| #define PACKAGE_VERSION "1.4.11.1"
| #define PACKAGE_STRING "iptables 1.4.11.1"
| #define PACKAGE_BUGREPORT ""
| #define PACKAGE_URL ""
| #define PACKAGE "iptables"
| #define VERSION "1.4.11.1"
| #define STDC_HEADERS 1
| #define HAVE_SYS_TYPES_H 1
| #define HAVE_SYS_STAT_H 1
| #define HAVE_STDLIB_H 1
| #define HAVE_STRING_H 1
| #define HAVE_MEMORY_H 1
| #define HAVE_STRINGS_H 1
| #define HAVE_INTTYPES_H 1
| #define HAVE_STDINT_H 1
| #define HAVE_UNISTD_H 1
| #define HAVE_DLFCN_H 1
| #define LT_OBJDIR ".libs/"
| #define HAVE_LINUX_DCCP_H 1
| #define HAVE_LINUX_IP_VS_H 1
| #define HAVE_LINUX_MAGIC_H 1
| /* end confdefs.h.  */
| #include <linux/proc_fs.h>
configure:11638: result: no
configure:11638: checking for linux/proc_fs.h
configure:11638: result: no
configure:11768: checking for pkg-config
configure:11786: found /usr/bin/pkg-config
configure:11798: result: /usr/bin/pkg-config
configure:11823: checking pkg-config is at least version 0.9.0
configure:11826: result: yes
configure:11836: checking for libnfnetlink
configure:11843: $PKG_CONFIG --exists --print-errors "libnfnetlink >= 1.0"
Package libnfnetlink was not found in the pkg-config search path.
Perhaps you should add the directory containing `libnfnetlink.pc'
to the PKG_CONFIG_PATH environment variable
No package 'libnfnetlink' found
configure:11846: $? = 1
configure:11860: $PKG_CONFIG --exists --print-errors "libnfnetlink >= 1.0"
Package libnfnetlink was not found in the pkg-config search path.
Perhaps you should add the directory containing `libnfnetlink.pc'
to the PKG_CONFIG_PATH environment variable
No package 'libnfnetlink' found
configure:11863: $? = 1
configure:11877: result: no
No package 'libnfnetlink' found
configure:12052: checking that generated files are newer than configure
configure:12058: result: done
configure:12113: creating ./config.status

## ---------------------- ##
## Running config.status. ##
## ---------------------- ##

This file was extended by iptables config.status 1.4.11.1, which was
generated by GNU Autoconf 2.69.  Invocation command line was

  CONFIG_FILES    = 
  CONFIG_HEADERS  = 
  CONFIG_LINKS    = 
  CONFIG_COMMANDS = 
  $ ./config.status 

on lab221

config.status:1127: creating Makefile
config.status:1127: creating extensions/GNUmakefile
config.status:1127: creating include/Makefile
config.status:1127: creating iptables/Makefile
config.status:1127: creating iptables/xtables.pc
config.status:1127: creating libipq/Makefile
config.status:1127: creating libiptc/Makefile
config.status:1127: creating libiptc/libiptc.pc
config.status:1127: creating utils/Makefile
config.status:1127: creating include/xtables.h
config.status:1127: creating include/iptables/internal.h
config.status:1127: creating config.h
config.status:1308: config.h is unchanged
config.status:1356: executing depfiles commands
config.status:1356: executing libtool commands

## ---------------- ##
## Cache variables. ##
## ---------------- ##

ac_cv_build=x86_64-unknown-linux-gnu
ac_cv_c_compiler_gnu=yes
ac_cv_env_CC_set=
ac_cv_env_CC_value=
ac_cv_env_CFLAGS_set=
ac_cv_env_CFLAGS_value=
ac_cv_env_CPPFLAGS_set=
ac_cv_env_CPPFLAGS_value=
ac_cv_env_CPP_set=
ac_cv_env_CPP_value=
ac_cv_env_LDFLAGS_set=
ac_cv_env_LDFLAGS_value=
ac_cv_env_LIBS_set=
ac_cv_env_LIBS_value=
ac_cv_env_PKG_CONFIG_LIBDIR_set=
ac_cv_env_PKG_CONFIG_LIBDIR_value=
ac_cv_env_PKG_CONFIG_PATH_set=
ac_cv_env_PKG_CONFIG_PATH_value=
ac_cv_env_PKG_CONFIG_set=
ac_cv_env_PKG_CONFIG_value=
ac_cv_env_build_alias_set=
ac_cv_env_build_alias_value=
ac_cv_env_host_alias_set=
ac_cv_env_host_alias_value=
ac_cv_env_libnfnetlink_CFLAGS_set=
ac_cv_env_libnfnetlink_CFLAGS_value=
ac_cv_env_libnfnetlink_LIBS_set=
ac_cv_env_libnfnetlink_LIBS_value=
ac_cv_env_target_alias_set=
ac_cv_env_target_alias_value=
ac_cv_header_dlfcn_h=yes
ac_cv_header_inttypes_h=yes
ac_cv_header_linux_dccp_h=yes
ac_cv_header_linux_ip_vs_h=yes
ac_cv_header_linux_magic_h=yes
ac_cv_header_linux_proc_fs_h=no
ac_cv_header_memory_h=yes
ac_cv_header_stdc=yes
ac_cv_header_stdint_h=yes
ac_cv_header_stdlib_h=yes
ac_cv_header_string_h=yes
ac_cv_header_strings_h=yes
ac_cv_header_sys_stat_h=yes
ac_cv_header_sys_types_h=yes
ac_cv_header_unistd_h=yes
ac_cv_host=x86_64-unknown-linux-gnu
ac_cv_objext=o
ac_cv_path_EGREP='/bin/grep -E'
ac_cv_path_FGREP='/bin/grep -F'
ac_cv_path_GREP=/bin/grep
ac_cv_path_SED=/bin/sed
ac_cv_path_ac_pt_PKG_CONFIG=/usr/bin/pkg-config
ac_cv_path_install='/usr/bin/install -c'
ac_cv_path_mkdir=/bin/mkdir
ac_cv_prog_AWK=mawk
ac_cv_prog_CPP='gcc -E'
ac_cv_prog_ac_ct_AR=ar
ac_cv_prog_ac_ct_CC=gcc
ac_cv_prog_ac_ct_MANIFEST_TOOL=mt
ac_cv_prog_ac_ct_OBJDUMP=objdump
ac_cv_prog_ac_ct_RANLIB=ranlib
ac_cv_prog_ac_ct_STRIP=strip
ac_cv_prog_cc_c89=
ac_cv_prog_cc_g=yes
ac_cv_prog_make_make_set=yes
am_cv_CC_dependencies_compiler_type=gcc3
am_cv_make_support_nested_variables=yes
am_cv_prog_cc_c_o=yes
ax_cv_linker_flags__Wl___no_as_needed=yes
lt_cv_ar_at_file=@
lt_cv_archive_cmds_need_lc=no
lt_cv_deplibs_check_method=pass_all
lt_cv_file_magic_cmd='$MAGIC_CMD'
lt_cv_file_magic_test_file=
lt_cv_ld_reload_flag=-r
lt_cv_nm_interface='BSD nm'
lt_cv_objdir=.libs
lt_cv_path_LD=/usr/bin/ld
lt_cv_path_NM='/usr/bin/nm -B'
lt_cv_path_mainfest_tool=no
lt_cv_prog_compiler_c_o=yes
lt_cv_prog_compiler_pic='-fPIC -DPIC'
lt_cv_prog_compiler_pic_works=yes
lt_cv_prog_compiler_rtti_exceptions=no
lt_cv_prog_compiler_static_works=yes
lt_cv_prog_gnu_ld=yes
lt_cv_sharedlib_from_linklib_cmd='printf %s\n'
lt_cv_shlibpath_overrides_runpath=no
lt_cv_sys_global_symbol_pipe='sed -n -e '\''s/^.*[	 ]\([ABCDGIRSTW][ABCDGIRSTW]*\)[	 ][	 ]*\([_A-Za-z][_A-Za-z0-9]*\)$/\1 \2 \2/p'\'' | sed '\''/ __gnu_lto/d'\'''
lt_cv_sys_global_symbol_to_c_name_address='sed -n -e '\''s/^: \([^ ]*\)[ ]*$/  {\"\1\", (void *) 0},/p'\'' -e '\''s/^[ABCDGIRSTW]* \([^ ]*\) \([^ ]*\)$/  {"\2", (void *) \&\2},/p'\'''
lt_cv_sys_global_symbol_to_c_name_address_lib_prefix='sed -n -e '\''s/^: \([^ ]*\)[ ]*$/  {\"\1\", (void *) 0},/p'\'' -e '\''s/^[ABCDGIRSTW]* \([^ ]*\) \(lib[^ ]*\)$/  {"\2", (void *) \&\2},/p'\'' -e '\''s/^[ABCDGIRSTW]* \([^ ]*\) \([^ ]*\)$/  {"lib\2", (void *) \&\2},/p'\'''
lt_cv_sys_global_symbol_to_cdecl='sed -n -e '\''s/^T .* \(.*\)$/extern int \1();/p'\'' -e '\''s/^[ABCDGIRSTW]* .* \(.*\)$/extern char \1;/p'\'''
lt_cv_sys_max_cmd_len=1572864
lt_cv_to_host_file_cmd=func_convert_file_noop
lt_cv_to_tool_file_cmd=func_convert_file_noop

## ----------------- ##
## Output variables. ##
## ----------------- ##

ACLOCAL='${SHELL} /home/lab221/Downloads/mpls-linux-iptables/missing aclocal-1.14'
AMDEPBACKSLASH='\'
AMDEP_FALSE='#'
AMDEP_TRUE=''
AMTAR='$${TAR-tar}'
AM_BACKSLASH='\'
AM_DEFAULT_V='$(AM_DEFAULT_VERBOSITY)'
AM_DEFAULT_VERBOSITY='1'
AM_V='$(V)'
AR='ar'
AUTOCONF='${SHELL} /home/lab221/Downloads/mpls-linux-iptables/missing autoconf'
AUTOHEADER='${SHELL} /home/lab221/Downloads/mpls-linux-iptables/missing autoheader'
AUTOMAKE='${SHELL} /home/lab221/Downloads/mpls-linux-iptables/missing automake-1.14'
AWK='mawk'
CC='gcc'
CCDEPMODE='depmode=gcc3'
CFLAGS='-g -O2'
CPP='gcc -E'
CPPFLAGS=''
CYGPATH_W='echo'
DEFS='-DHAVE_CONFIG_H'
DEPDIR='.deps'
DLLTOOL='false'
DSYMUTIL=''
DUMPBIN=''
ECHO_C=''
ECHO_N='-n'
ECHO_T=''
EGREP='/bin/grep -E'
ENABLE_DEVEL_FALSE='#'
ENABLE_DEVEL_TRUE=''
ENABLE_IPV4_FALSE='#'
ENABLE_IPV4_TRUE=''
ENABLE_IPV6_FALSE='#'
ENABLE_IPV6_TRUE=''
ENABLE_LARGEFILE_FALSE='#'
ENABLE_LARGEFILE_TRUE=''
ENABLE_LIBIPQ_FALSE=''
ENABLE_LIBIPQ_TRUE='#'
ENABLE_SHARED_FALSE='#'
ENABLE_SHARED_TRUE=''
ENABLE_STATIC_FALSE=''
ENABLE_STATIC_TRUE='#'
EXEEXT=''
FGREP='/bin/grep -F'
GREP='/bin/grep'
HAVE_LIBNFNETLINK_FALSE=''
HAVE_LIBNFNETLINK_TRUE='#'
INSTALL_DATA='${INSTALL} -m 644'
INSTALL_PROGRAM='${INSTALL}'
INSTALL_SCRIPT='${INSTALL}'
INSTALL_STRIP_PROGRAM='$(install_sh) -c -s'
LD='/usr/bin/ld -m elf_x86_64'
LDFLAGS=''
LIBOBJS=''
LIBS=''
LIBTOOL='$(SHELL) $(top_builddir)/libtool'
LIPO=''
LN_S='ln -s'
LTLIBOBJS=''
MAKEINFO='${SHELL} /home/lab221/Downloads/mpls-linux-iptables/missing makeinfo'
MANIFEST_TOOL=':'
MKDIR_P='/bin/mkdir -p'
NM='/usr/bin/nm -B'
NMEDIT=''
OBJDUMP='objdump'
OBJEXT='o'
OTOOL64=''
OTOOL=''
PACKAGE='iptables'
PACKAGE_BUGREPORT=''
PACKAGE_NAME='iptables'
PACKAGE_STRING='iptables 1.4.11.1'
PACKAGE_TARNAME='iptables'
PACKAGE_URL=''
PACKAGE_VERSION='1.4.11.1'
PATH_SEPARATOR=':'
PKG_CONFIG='/usr/bin/pkg-config'
PKG_CONFIG_LIBDIR=''
PKG_CONFIG_PATH=''
RANLIB='ranlib'
SED='/bin/sed'
SET_MAKE=''
SHELL='/bin/bash'
STRIP='strip'
VERSION='1.4.11.1'
ac_ct_AR='ar'
ac_ct_CC='gcc'
ac_ct_DUMPBIN=''
am__EXEEXT_FALSE=''
am__EXEEXT_TRUE='#'
am__fastdepCC_FALSE='#'
am__fastdepCC_TRUE=''
am__include='include'
am__isrc=''
am__leading_dot='.'
am__nodep='_no'
am__quote=''
am__tar='$${TAR-tar} chof - "$$tardir"'
am__untar='$${TAR-tar} xf -'
bindir='${exec_prefix}/bin'
blacklist_modules=''
build='x86_64-unknown-linux-gnu'
build_alias=''
build_cpu='x86_64'
build_os='linux-gnu'
build_vendor='unknown'
datadir='${datarootdir}'
datarootdir='${prefix}/share'
docdir='${datarootdir}/doc/${PACKAGE_TARNAME}'
dvidir='${docdir}'
exec_prefix='${prefix}'
host='x86_64-unknown-linux-gnu'
host_alias=''
host_cpu='x86_64'
host_os='linux-gnu'
host_vendor='unknown'
htmldir='${docdir}'
includedir='${prefix}/include'
infodir='${datarootdir}/info'
install_sh='${SHELL} /home/lab221/Downloads/mpls-linux-iptables/install-sh'
kbuilddir=''
kinclude_CPPFLAGS=''
ksourcedir=''
libdir='${exec_prefix}/lib'
libexecdir='${exec_prefix}/libexec'
libiptc_LDFLAGS2='-Wl,--no-as-needed'
libnfnetlink_CFLAGS=''
libnfnetlink_LIBS=''
libxtables_vage='0'
libxtables_vcurrent='7'
libxtables_vmajor='7'
localedir='${datarootdir}/locale'
localstatedir='${prefix}/var'
mandir='${datarootdir}/man'
mkdir_p='$(MKDIR_P)'
oldincludedir='/usr/include'
pdfdir='${docdir}'
pkgconfigdir='${libdir}/pkgconfig'
pkgdatadir='${datadir}/xtables'
prefix='/usr/local'
program_transform_name='s,x,x,'
psdir='${docdir}'
regular_CFLAGS='-Wall -Waggregate-return -Wmissing-declarations 	-Wmissing-prototypes -Wredundant-decls -Wshadow -Wstrict-prototypes 	-Winline -pipe'
regular_CPPFLAGS='-D_LARGEFILE_SOURCE=1 -D_LARGE_FILES -D_FILE_OFFSET_BITS=64 -D_REENTRANT 	-DXTABLES_LIBDIR=\"${xtlibdir}\" -DXTABLES_INTERNAL'
sbindir='${exec_prefix}/sbin'
sharedstatedir='${prefix}/com'
sysconfdir='${prefix}/etc'
target_alias=''
xtlibdir='${exec_prefix}/lib/xtables'

## ----------- ##
## confdefs.h. ##
## ----------- ##

/* confdefs.h */
#define PACKAGE_NAME "iptables"
#define PACKAGE_TARNAME "iptables"
#define PACKAGE_VERSION "1.4.11.1"
#define PACKAGE_STRING "iptables 1.4.11.1"
#define PACKAGE_BUGREPORT ""
#define PACKAGE_URL ""
#define PACKAGE "iptables"
#define VERSION "1.4.11.1"
#define STDC_HEADERS 1
#define HAVE_SYS_TYPES_H 1
#define HAVE_SYS_STAT_H 1
#define HAVE_STDLIB_H 1
#define HAVE_STRING_H 1
#define HAVE_MEMORY_H 1
#define HAVE_STRINGS_H 1
#define HAVE_INTTYPES_H 1
#define HAVE_STDINT_H 1
#define HAVE_UNISTD_H 1
#define HAVE_DLFCN_H 1
#define LT_OBJDIR ".libs/"
#define HAVE_LINUX_DCCP_H 1
#define HAVE_LINUX_IP_VS_H 1
#define HAVE_LINUX_MAGIC_H 1

configure: exit 0
